<?xml version="1.0" encoding="UTF-8"?>
<!-- Generated by org.testng.reporters.JUnitXMLReporter -->
<testsuite hostname="DESKTOP-5T9DD7B" ignored="4" name="Test2" tests="4" failures="0" timestamp="29 Aug 2018 14:17:00 GMT" time="0.021" errors="0">
  <testcase name="myTestMethod1" time="0.0" classname="com.MyClassTest1"/>
  <testcase name="myTestMethod2" time="0.001" classname="com.MyClassTest1"/>
  <testcase name="myTestMethod3" time="0.002" classname="com.MyClassTest2"/>
  <testcase name="myTestMethod4" time="0.001" classname="com.MyClassTest2"/>
  <testcase name="@AfterTest afterTest" time="0.0" classname="com.SeleniumAbstractTest">
    <ignored/>
  </testcase> <!-- @AfterTest afterTest -->
  <testcase name="@AfterSuite afterSuite" time="0.0" classname="com.SeleniumAbstractTest">
    <ignored/>
  </testcase> <!-- @AfterSuite afterSuite -->
  <testcase name="@BeforeSuite beforeSuite" time="0.0" classname="com.SeleniumAbstractTest">
    <ignored/>
  </testcase> <!-- @BeforeSuite beforeSuite -->
  <testcase name="@BeforeTest beforeTest" time="0.0" classname="com.SeleniumAbstractTest">
    <ignored/>
  </testcase> <!-- @BeforeTest beforeTest -->
</testsuite> <!-- Test2 -->
