<?xml version="1.0" encoding="UTF-8"?>
<testng-results skipped="0" failed="0" ignored="4" total="10" passed="6">
  <reporter-output>
  </reporter-output>
  <suite name="Suite" duration-ms="204" started-at="2018-08-29T14:17:00Z" finished-at="2018-08-29T14:17:00Z">
    <groups>
    </groups>
    <test name="Test1" duration-ms="46" started-at="2018-08-29T14:17:00Z" finished-at="2018-08-29T14:17:00Z">
      <class name="com.MyClassTest1">
        <test-method status="PASS" signature="beforeTest()[pri:0, instance:com.MyClassTest1@15b5592]" name="beforeTest" is-config="true" duration-ms="0" started-at="2018-08-29T14:17:00Z" finished-at="2018-08-29T14:17:00Z">
          <reporter-output>
          </reporter-output>
        </test-method> <!-- beforeTest -->
        <test-method status="PASS" signature="beforeClass()[pri:0, instance:com.MyClassTest1@15b5592]" name="beforeClass" is-config="true" duration-ms="0" started-at="2018-08-29T14:17:00Z" finished-at="2018-08-29T14:17:00Z">
          <reporter-output>
          </reporter-output>
        </test-method> <!-- beforeClass -->
        <test-method status="PASS" signature="myTestMethod1()[pri:0, instance:com.MyClassTest1@15b5592]" name="myTestMethod1" duration-ms="13" started-at="2018-08-29T14:17:00Z" finished-at="2018-08-29T14:17:00Z">
          <reporter-output>
          </reporter-output>
        </test-method> <!-- myTestMethod1 -->
        <test-method status="PASS" signature="beforeMethod()[pri:0, instance:com.MyClassTest1@15b5592]" name="beforeMethod" is-config="true" duration-ms="0" started-at="2018-08-29T14:17:00Z" finished-at="2018-08-29T14:17:00Z">
          <reporter-output>
          </reporter-output>
        </test-method> <!-- beforeMethod -->
        <test-method status="PASS" signature="afterMethod()[pri:0, instance:com.MyClassTest1@15b5592]" name="afterMethod" is-config="true" duration-ms="0" started-at="2018-08-29T14:17:00Z" finished-at="2018-08-29T14:17:00Z">
          <reporter-output>
          </reporter-output>
        </test-method> <!-- afterMethod -->
        <test-method status="PASS" signature="beforeMethod()[pri:0, instance:com.MyClassTest1@15b5592]" name="beforeMethod" is-config="true" duration-ms="1" started-at="2018-08-29T14:17:00Z" finished-at="2018-08-29T14:17:00Z">
          <reporter-output>
          </reporter-output>
        </test-method> <!-- beforeMethod -->
        <test-method status="PASS" signature="myTestMethod2()[pri:0, instance:com.MyClassTest1@15b5592]" name="myTestMethod2" duration-ms="1" started-at="2018-08-29T14:17:00Z" finished-at="2018-08-29T14:17:00Z">
          <reporter-output>
          </reporter-output>
        </test-method> <!-- myTestMethod2 -->
        <test-method status="PASS" signature="afterMethod()[pri:0, instance:com.MyClassTest1@15b5592]" name="afterMethod" is-config="true" duration-ms="0" started-at="2018-08-29T14:17:00Z" finished-at="2018-08-29T14:17:00Z">
          <reporter-output>
          </reporter-output>
        </test-method> <!-- afterMethod -->
        <test-method status="PASS" signature="afterClass()[pri:0, instance:com.MyClassTest1@15b5592]" name="afterClass" is-config="true" duration-ms="0" started-at="2018-08-29T14:17:00Z" finished-at="2018-08-29T14:17:00Z">
          <reporter-output>
          </reporter-output>
        </test-method> <!-- afterClass -->
        <test-method status="PASS" signature="afterTest()[pri:0, instance:com.MyClassTest1@15b5592]" name="afterTest" is-config="true" duration-ms="2" started-at="2018-08-29T14:17:00Z" finished-at="2018-08-29T14:17:00Z">
          <reporter-output>
          </reporter-output>
        </test-method> <!-- afterTest -->
      </class> <!-- com.MyClassTest1 -->
    </test> <!-- Test1 -->
    <test name="Test2" duration-ms="21" started-at="2018-08-29T14:17:00Z" finished-at="2018-08-29T14:17:00Z">
      <class name="com.MyClassTest2">
        <test-method status="PASS" signature="beforeClass()[pri:0, instance:com.MyClassTest2@18355a8]" name="beforeClass" is-config="true" duration-ms="1" started-at="2018-08-29T14:17:00Z" finished-at="2018-08-29T14:17:00Z">
          <reporter-output>
          </reporter-output>
        </test-method> <!-- beforeClass -->
        <test-method status="PASS" signature="beforeMethod()[pri:0, instance:com.MyClassTest2@18355a8]" name="beforeMethod" is-config="true" duration-ms="1" started-at="2018-08-29T14:17:00Z" finished-at="2018-08-29T14:17:00Z">
          <reporter-output>
          </reporter-output>
        </test-method> <!-- beforeMethod -->
        <test-method status="PASS" signature="myTestMethod3()[pri:0, instance:com.MyClassTest2@18355a8]" name="myTestMethod3" duration-ms="2" started-at="2018-08-29T14:17:00Z" finished-at="2018-08-29T14:17:00Z">
          <reporter-output>
          </reporter-output>
        </test-method> <!-- myTestMethod3 -->
        <test-method status="PASS" signature="afterMethod()[pri:0, instance:com.MyClassTest2@18355a8]" name="afterMethod" is-config="true" duration-ms="0" started-at="2018-08-29T14:17:00Z" finished-at="2018-08-29T14:17:00Z">
          <reporter-output>
          </reporter-output>
        </test-method> <!-- afterMethod -->
        <test-method status="PASS" signature="beforeMethod()[pri:0, instance:com.MyClassTest2@18355a8]" name="beforeMethod" is-config="true" duration-ms="0" started-at="2018-08-29T14:17:00Z" finished-at="2018-08-29T14:17:00Z">
          <reporter-output>
          </reporter-output>
        </test-method> <!-- beforeMethod -->
        <test-method status="PASS" signature="myTestMethod4()[pri:0, instance:com.MyClassTest2@18355a8]" name="myTestMethod4" duration-ms="1" started-at="2018-08-29T14:17:00Z" finished-at="2018-08-29T14:17:00Z">
          <reporter-output>
          </reporter-output>
        </test-method> <!-- myTestMethod4 -->
        <test-method status="PASS" signature="afterMethod()[pri:0, instance:com.MyClassTest2@18355a8]" name="afterMethod" is-config="true" duration-ms="0" started-at="2018-08-29T14:17:00Z" finished-at="2018-08-29T14:17:00Z">
          <reporter-output>
          </reporter-output>
        </test-method> <!-- afterMethod -->
        <test-method status="PASS" signature="afterClass()[pri:0, instance:com.MyClassTest2@18355a8]" name="afterClass" is-config="true" duration-ms="1" started-at="2018-08-29T14:17:00Z" finished-at="2018-08-29T14:17:00Z">
          <reporter-output>
          </reporter-output>
        </test-method> <!-- afterClass -->
      </class> <!-- com.MyClassTest2 -->
      <class name="com.MyClassTest1">
        <test-method status="PASS" signature="beforeSuite()[pri:0, instance:com.MyClassTest1@d56d67]" name="beforeSuite" is-config="true" duration-ms="18" started-at="2018-08-29T14:17:00Z" finished-at="2018-08-29T14:17:00Z">
          <reporter-output>
          </reporter-output>
        </test-method> <!-- beforeSuite -->
        <test-method status="PASS" signature="beforeTest()[pri:0, instance:com.MyClassTest1@d56d67]" name="beforeTest" is-config="true" duration-ms="0" started-at="2018-08-29T14:17:00Z" finished-at="2018-08-29T14:17:00Z">
          <reporter-output>
          </reporter-output>
        </test-method> <!-- beforeTest -->
        <test-method status="PASS" signature="beforeMethod()[pri:0, instance:com.MyClassTest1@d56d67]" name="beforeMethod" is-config="true" duration-ms="1" started-at="2018-08-29T14:17:00Z" finished-at="2018-08-29T14:17:00Z">
          <reporter-output>
          </reporter-output>
        </test-method> <!-- beforeMethod -->
        <test-method status="PASS" signature="beforeClass()[pri:0, instance:com.MyClassTest1@d56d67]" name="beforeClass" is-config="true" duration-ms="0" started-at="2018-08-29T14:17:00Z" finished-at="2018-08-29T14:17:00Z">
          <reporter-output>
          </reporter-output>
        </test-method> <!-- beforeClass -->
        <test-method status="PASS" signature="myTestMethod1()[pri:0, instance:com.MyClassTest1@d56d67]" name="myTestMethod1" duration-ms="0" started-at="2018-08-29T14:17:00Z" finished-at="2018-08-29T14:17:00Z">
          <reporter-output>
          </reporter-output>
        </test-method> <!-- myTestMethod1 -->
        <test-method status="PASS" signature="afterMethod()[pri:0, instance:com.MyClassTest1@d56d67]" name="afterMethod" is-config="true" duration-ms="0" started-at="2018-08-29T14:17:00Z" finished-at="2018-08-29T14:17:00Z">
          <reporter-output>
          </reporter-output>
        </test-method> <!-- afterMethod -->
        <test-method status="PASS" signature="myTestMethod2()[pri:0, instance:com.MyClassTest1@d56d67]" name="myTestMethod2" duration-ms="1" started-at="2018-08-29T14:17:00Z" finished-at="2018-08-29T14:17:00Z">
          <reporter-output>
          </reporter-output>
        </test-method> <!-- myTestMethod2 -->
        <test-method status="PASS" signature="beforeMethod()[pri:0, instance:com.MyClassTest1@d56d67]" name="beforeMethod" is-config="true" duration-ms="0" started-at="2018-08-29T14:17:00Z" finished-at="2018-08-29T14:17:00Z">
          <reporter-output>
          </reporter-output>
        </test-method> <!-- beforeMethod -->
        <test-method status="PASS" signature="afterMethod()[pri:0, instance:com.MyClassTest1@d56d67]" name="afterMethod" is-config="true" duration-ms="0" started-at="2018-08-29T14:17:00Z" finished-at="2018-08-29T14:17:00Z">
          <reporter-output>
          </reporter-output>
        </test-method> <!-- afterMethod -->
        <test-method status="PASS" signature="afterClass()[pri:0, instance:com.MyClassTest1@d56d67]" name="afterClass" is-config="true" duration-ms="0" started-at="2018-08-29T14:17:00Z" finished-at="2018-08-29T14:17:00Z">
          <reporter-output>
          </reporter-output>
        </test-method> <!-- afterClass -->
        <test-method status="PASS" signature="afterTest()[pri:0, instance:com.MyClassTest1@d56d67]" name="afterTest" is-config="true" duration-ms="0" started-at="2018-08-29T14:17:00Z" finished-at="2018-08-29T14:17:00Z">
          <reporter-output>
          </reporter-output>
        </test-method> <!-- afterTest -->
        <test-method status="PASS" signature="afterSuite()[pri:0, instance:com.MyClassTest1@d56d67]" name="afterSuite" is-config="true" duration-ms="0" started-at="2018-08-29T14:17:00Z" finished-at="2018-08-29T14:17:00Z">
          <reporter-output>
          </reporter-output>
        </test-method> <!-- afterSuite -->
      </class> <!-- com.MyClassTest1 -->
    </test> <!-- Test2 -->
  </suite> <!-- Suite -->
</testng-results>
